d:\arbeit\msvisualstudio_workspace\masterarbeit\orchestrierung\orchestrierungminimalbeispiel\x64\release\vc142.pdb
d:\arbeit\msvisualstudio_workspace\masterarbeit\orchestrierung\orchestrierungminimalbeispiel\x64\release\wsdlparser.obj
d:\arbeit\msvisualstudio_workspace\masterarbeit\orchestrierung\orchestrierungminimalbeispiel\x64\release\engine.obj
d:\arbeit\msvisualstudio_workspace\masterarbeit\orchestrierung\orchestrierungminimalbeispiel\x64\release\util.obj
d:\arbeit\msvisualstudio_workspace\masterarbeit\orchestrierung\orchestrierungminimalbeispiel\x64\release\service.obj
d:\arbeit\msvisualstudio_workspace\masterarbeit\orchestrierung\orchestrierungminimalbeispiel\x64\release\orchestrierung.obj
d:\arbeit\msvisualstudio_workspace\masterarbeit\orchestrierung\orchestrierungminimalbeispiel\x64\release\opcuaexception.obj
d:\arbeit\msvisualstudio_workspace\masterarbeit\orchestrierung\orchestrierungminimalbeispiel\x64\release\opcuaclient.obj
d:\arbeit\msvisualstudio_workspace\masterarbeit\orchestrierung\orchestrierungminimalbeispiel\x64\release\logutil.obj
d:\arbeit\msvisualstudio_workspace\masterarbeit\orchestrierung\orchestrierungminimalbeispiel\x64\release\indexfileparser.obj
d:\arbeit\msvisualstudio_workspace\masterarbeit\orchestrierung\orchestrierungminimalbeispiel\x64\release\configfileutil.obj
d:\arbeit\msvisualstudio_workspace\masterarbeit\orchestrierung\orchestrierungminimalbeispiel\x64\release\opcuaserver.obj
d:\arbeit\msvisualstudio_workspace\masterarbeit\orchestrierung\orchestrierungminimalbeispiel\x64\release\open62541util.obj
d:\arbeit\msvisualstudio_workspace\masterarbeit\orchestrierung\orchestrierungminimalbeispiel\x64\release\savestringasxml.obj
d:\arbeit\msvisualstudio_workspace\masterarbeit\orchestrierung\orchestrierungminimalbeispiel\x64\release\serviceinput.obj
d:\arbeit\msvisualstudio_workspace\masterarbeit\orchestrierung\x64\release\orchestrierung.exe
d:\arbeit\msvisualstudio_workspace\masterarbeit\orchestrierung\x64\release\orchestrierung.pdb
d:\arbeit\msvisualstudio_workspace\masterarbeit\orchestrierung\x64\release\orchestrierung.ipdb
d:\arbeit\msvisualstudio_workspace\masterarbeit\orchestrierung\x64\release\orchestrierung.iobj
d:\arbeit\msvisualstudio_workspace\masterarbeit\orchestrierung\orchestrierungminimalbeispiel\x64\release\vcpkg.applocal.log
d:\arbeit\msvisualstudio_workspace\masterarbeit\orchestrierung\orchestrierungminimalbeispiel\x64\release\orchestrierungminimalbeispiel.obj
d:\arbeit\msvisualstudio_workspace\masterarbeit\orchestrierung\orchestrierungminimalbeispiel\x64\release\xmlcreator.obj
d:\arbeit\msvisualstudio_workspace\masterarbeit\orchestrierung\orchestrierungminimalbeispiel\x64\release\xmlparser.obj
d:\arbeit\msvisualstudio_workspace\masterarbeit\orchestrierung\orchestrierungminimalbeispiel\x64\release\orchestrierung.tlog\cl.command.1.tlog
d:\arbeit\msvisualstudio_workspace\masterarbeit\orchestrierung\orchestrierungminimalbeispiel\x64\release\orchestrierung.tlog\cl.read.1.tlog
d:\arbeit\msvisualstudio_workspace\masterarbeit\orchestrierung\orchestrierungminimalbeispiel\x64\release\orchestrierung.tlog\cl.write.1.tlog
d:\arbeit\msvisualstudio_workspace\masterarbeit\orchestrierung\orchestrierungminimalbeispiel\x64\release\orchestrierung.tlog\link.command.1.tlog
d:\arbeit\msvisualstudio_workspace\masterarbeit\orchestrierung\orchestrierungminimalbeispiel\x64\release\orchestrierung.tlog\link.read.1.tlog
d:\arbeit\msvisualstudio_workspace\masterarbeit\orchestrierung\orchestrierungminimalbeispiel\x64\release\orchestrierung.tlog\link.write.1.tlog
d:\arbeit\msvisualstudio_workspace\masterarbeit\orchestrierung\orchestrierungminimalbeispiel\x64\release\orchestrierung.tlog\orchestrierung.write.1u.tlog
