d:\arbeit\msvisualstudio_workspace\orchestrierungminimalbeispiel\orchestrierungminimalbeispiel\x64\release\vc142.pdb
d:\arbeit\msvisualstudio_workspace\orchestrierungminimalbeispiel\orchestrierungminimalbeispiel\x64\release\wsdldocument.obj
d:\arbeit\msvisualstudio_workspace\orchestrierungminimalbeispiel\orchestrierungminimalbeispiel\x64\release\wsdlfiles.obj
d:\arbeit\msvisualstudio_workspace\orchestrierungminimalbeispiel\orchestrierungminimalbeispiel\x64\release\util.obj
d:\arbeit\msvisualstudio_workspace\orchestrierungminimalbeispiel\orchestrierungminimalbeispiel\x64\release\orchestrierungminimalbeispiel.obj
d:\arbeit\msvisualstudio_workspace\orchestrierungminimalbeispiel\orchestrierungminimalbeispiel\x64\release\opcua.obj
d:\arbeit\msvisualstudio_workspace\orchestrierungminimalbeispiel\orchestrierungminimalbeispiel\x64\release\nodedomwrapper.obj
d:\arbeit\msvisualstudio_workspace\orchestrierungminimalbeispiel\orchestrierungminimalbeispiel\x64\release\logutil.obj
d:\arbeit\msvisualstudio_workspace\orchestrierungminimalbeispiel\orchestrierungminimalbeispiel\x64\release\configfileutil.obj
d:\arbeit\msvisualstudio_workspace\orchestrierungminimalbeispiel\orchestrierungminimalbeispiel\x64\release\domdocwrapper.obj
d:\arbeit\msvisualstudio_workspace\orchestrierungminimalbeispiel\orchestrierungminimalbeispiel\x64\release\test.obj
d:\arbeit\msvisualstudio_workspace\orchestrierungminimalbeispiel\orchestrierungminimalbeispiel\x64\release\domelementwrapper.obj
d:\arbeit\msvisualstudio_workspace\orchestrierungminimalbeispiel\orchestrierungminimalbeispiel\x64\release\wsdlhandler.obj
d:\arbeit\msvisualstudio_workspace\orchestrierungminimalbeispiel\orchestrierungminimalbeispiel\x64\release\xmlparser.obj
d:\arbeit\msvisualstudio_workspace\orchestrierungminimalbeispiel\orchestrierungminimalbeispiel\x64\release\xmlcreator.obj
d:\arbeit\msvisualstudio_workspace\orchestrierungminimalbeispiel\orchestrierungminimalbeispiel\x64\release\opcuaclient.obj
d:\arbeit\msvisualstudio_workspace\orchestrierungminimalbeispiel\x64\release\orchestrierungminimalbeispiel.exe
d:\arbeit\msvisualstudio_workspace\orchestrierungminimalbeispiel\x64\release\orchestrierungminimalbeispiel.pdb
d:\arbeit\msvisualstudio_workspace\orchestrierungminimalbeispiel\x64\release\orchestrierungminimalbeispiel.ipdb
d:\arbeit\msvisualstudio_workspace\orchestrierungminimalbeispiel\x64\release\orchestrierungminimalbeispiel.iobj
d:\arbeit\msvisualstudio_workspace\orchestrierungminimalbeispiel\orchestrierungminimalbeispiel\x64\release\vcpkg.applocal.log
d:\arbeit\msvisualstudio_workspace\orchestrierungminimalbeispiel\orchestrierungminimalbeispiel\x64\release\orchestr.a4dfdddd.tlog\cl.command.1.tlog
d:\arbeit\msvisualstudio_workspace\orchestrierungminimalbeispiel\orchestrierungminimalbeispiel\x64\release\orchestr.a4dfdddd.tlog\cl.read.1.tlog
d:\arbeit\msvisualstudio_workspace\orchestrierungminimalbeispiel\orchestrierungminimalbeispiel\x64\release\orchestr.a4dfdddd.tlog\cl.write.1.tlog
d:\arbeit\msvisualstudio_workspace\orchestrierungminimalbeispiel\orchestrierungminimalbeispiel\x64\release\orchestr.a4dfdddd.tlog\link.command.1.tlog
d:\arbeit\msvisualstudio_workspace\orchestrierungminimalbeispiel\orchestrierungminimalbeispiel\x64\release\orchestr.a4dfdddd.tlog\link.read.1.tlog
d:\arbeit\msvisualstudio_workspace\orchestrierungminimalbeispiel\orchestrierungminimalbeispiel\x64\release\orchestr.a4dfdddd.tlog\link.write.1.tlog
d:\arbeit\msvisualstudio_workspace\orchestrierungminimalbeispiel\orchestrierungminimalbeispiel\x64\release\orchestr.a4dfdddd.tlog\orchestrierungminimalbeispiel.write.1u.tlog
